<?xml version="1.0" encoding="UTF-8"?>
<!-- Generated by org.testng.reporters.JUnitReportReporter -->
<testsuite hostname="EKBANA16" name="PageObject.LoginCases" tests="5" failures="0" timestamp="23 May 2017 10:48:16 GMT" time="30.146" errors="0">
  <testcase name="invalidPassword" time="2.668" classname="PageObject.LoginCases"/>
  <testcase name="blankLogin" time="3.199" classname="PageObject.LoginCases"/>
  <testcase name="invalidUsername" time="2.391" classname="PageObject.LoginCases"/>
  <testcase name="invalidUsernameAndPAssword" time="3.103" classname="PageObject.LoginCases"/>
  <testcase name="validUsernameAndPAssword" time="18.785" classname="PageObject.LoginCases"/>
</testsuite> <!-- PageObject.LoginCases -->
