<?xml version="1.0" encoding="UTF-8"?>
<!-- Generated by org.testng.reporters.JUnitReportReporter -->
<testsuite hostname="EKBANA16" name="PageObject.LoginCases" tests="5" failures="0" timestamp="18 May 2017 08:56:51 GMT" time="45.305" errors="0">
  <testcase name="invalidPassword" time="10.723" classname="PageObject.LoginCases"/>
  <testcase name="blankLogin" time="3.021" classname="PageObject.LoginCases"/>
  <testcase name="invalidUsernameAndPAssword" time="2.387" classname="PageObject.LoginCases"/>
  <testcase name="invalidUsername" time="3.755" classname="PageObject.LoginCases"/>
  <testcase name="validUsernameAndPAssword" time="25.419" classname="PageObject.LoginCases"/>
</testsuite> <!-- PageObject.LoginCases -->
