<?xml version="1.0" encoding="UTF-8"?>
<!-- Generated by org.testng.reporters.JUnitReportReporter -->
<testsuite hostname="EKBANA16" name="PageObject.LoginCases" tests="5" failures="0" timestamp="24 May 2017 05:17:03 GMT" time="17.113" errors="0">
  <testcase name="invalidPassword" time="2.773" classname="PageObject.LoginCases"/>
  <testcase name="blankLogin" time="3.042" classname="PageObject.LoginCases"/>
  <testcase name="invalidUsername" time="2.381" classname="PageObject.LoginCases"/>
  <testcase name="invalidUsernameAndPAssword" time="2.510" classname="PageObject.LoginCases"/>
  <testcase name="validUsernameAndPAssword" time="6.407" classname="PageObject.LoginCases"/>
</testsuite> <!-- PageObject.LoginCases -->
